2024-07-21 21:01:07,119 - imgen_logger - INFO - Saving params to test_output/test_params.json
2024-07-21 21:01:07,119 - imgen_logger - INFO - Saving image to test_output/test_img.png
2024-07-21 21:01:07,208 - imgen_logger - INFO - Save complete
2024-07-21 21:01:07,208 - imgen_logger - INFO - Loading params from test_output/test_params.json
2024-07-21 21:01:07,208 - imgen_logger - INFO - Loading image from test_output/test_img.png
2024-07-21 21:01:07,210 - imgen_logger - INFO - Load complete
2024-07-21 23:23:05,810 - imgen_logger - INFO - Saving params to test_output/test_params.json
2024-07-21 23:23:05,812 - imgen_logger - INFO - Saving image to test_output/test_img.png
2024-07-21 23:23:05,890 - imgen_logger - INFO - Save complete
2024-07-21 23:23:05,890 - imgen_logger - INFO - Loading params from test_output/test_params.json
2024-07-21 23:23:05,890 - imgen_logger - INFO - Loading image from test_output/test_img.png
2024-07-21 23:23:05,890 - imgen_logger - INFO - Load complete
2024-07-21 23:23:22,834 - imgen_logger - INFO - Saving params to test_output/test_params.json
2024-07-21 23:23:22,834 - imgen_logger - INFO - Saving image to test_output/test_img.png
2024-07-21 23:23:22,853 - imgen_logger - INFO - Save complete
2024-07-21 23:23:22,853 - imgen_logger - INFO - Loading params from test_output/test_params.json
2024-07-21 23:23:22,853 - imgen_logger - INFO - Loading image from test_output/test_img.png
2024-07-21 23:23:22,854 - imgen_logger - INFO - Load complete
2024-07-23 19:28:09,146 - imgen_logger - INFO - API key loaded: 51 bytes
2024-07-23 19:28:09,146 - imgen_logger - INFO - Loading latest_genio file from .imgen
2024-07-23 19:28:09,146 - imgen_logger - WARNING - No latest_genio file found, creating a new one
2024-09-19 10:44:37,601 - imgen_logger - INFO - API key loaded: 51 bytes
2024-09-19 10:44:37,601 - imgen_logger - INFO - Loading latest_genio file from .imgen
2024-09-19 10:44:37,601 - imgen_logger - WARNING - No latest_genio file found, creating a new one
2024-09-19 17:21:14,176 - imgen_logger - INFO - API key loaded: 51 bytes
2024-09-19 17:21:14,176 - imgen_logger - INFO - Loading latest_genio file from .imgen
2024-09-19 17:21:14,176 - imgen_logger - WARNING - No latest_genio file found, creating a new one
2024-09-19 17:21:32,351 - imgen_logger - INFO - Generating image with the following parameters: <gen_io.GenIO object at 0x1044b4ad0>
2024-09-19 17:21:46,025 - imgen_logger - INFO - Image generation successful
2024-09-19 17:23:27,704 - imgen_logger - INFO - API key loaded: 51 bytes
2024-09-19 17:23:27,704 - imgen_logger - INFO - Loading latest_genio file from .imgen
2024-09-19 17:23:27,704 - imgen_logger - WARNING - No latest_genio file found, creating a new one
2024-09-19 17:23:37,531 - imgen_logger - INFO - Loading image from ./out/genio
2024-09-19 17:29:16,133 - imgen_logger - INFO - Closing >> Saving latest_genio file to .imgen
2024-09-19 17:29:16,134 - imgen_logger - INFO - Saving image to .imgen/latest_genio
2024-09-20 15:39:17,794 - imgen_logger - INFO - API key loaded: 51 bytes
2024-09-20 15:39:17,794 - imgen_logger - INFO - Loading latest_genio file from .imgen
2024-09-20 15:39:17,795 - imgen_logger - INFO - Loaded GenIO: <gen_io.GenIO object at 0x10b338560>
2024-09-20 15:39:27,322 - imgen_logger - INFO - Closing >> Saving latest_genio file to .imgen
2024-09-20 15:39:27,323 - imgen_logger - INFO - Saving image to .imgen/latest_genio
2024-09-20 15:40:40,961 - imgen_logger - INFO - API key loaded: 51 bytes
2024-09-20 15:40:40,961 - imgen_logger - INFO - Loading latest_genio file from .imgen
2024-09-20 15:40:40,963 - imgen_logger - INFO - Loaded GenIO: <gen_io.GenIO object at 0x1079c5f40>
2024-09-20 15:41:28,173 - imgen_logger - INFO - Generating image with the following parameters: <gen_io.GenIO object at 0x1079c5f40>
2024-09-20 15:41:40,406 - imgen_logger - INFO - Image generation successful
2024-09-20 15:46:19,638 - imgen_logger - INFO - Closing >> Saving latest_genio file to .imgen
2024-09-20 15:46:19,639 - imgen_logger - INFO - Saving image to .imgen/latest_genio
